This is pdfTeX, Version 3.14159265-2.6-1.40.20 (MiKTeX 2.9.7200 64-bit) (preloaded format=pdflatex 2019.10.28)  10 NOV 2019 18:58
entering extended mode
**./Report.tex
(Report.tex
LaTeX2e <2019-10-01>
(bigdata.cls

LaTeX Warning: You have requested document class `bigdata',
               but the document class provides `eurocg14'.

Document Class: eurocg14 
("C:\Program Files\MiKTeX 2.9\tex/latex/base\article.cls"
Document Class: article 2019/08/27 v1.4j Standard LaTeX document class
("C:\Program Files\MiKTeX 2.9\tex/latex/base\size10.clo"
File: size10.clo 2019/08/27 v1.4j Standard LaTeX file (size option)
)
\c@part=\count80
\c@section=\count81
\c@subsection=\count82
\c@subsubsection=\count83
\c@paragraph=\count84
\c@subparagraph=\count85
\c@figure=\count86
\c@table=\count87
\abovecaptionskip=\skip41
\belowcaptionskip=\skip42
\bibindent=\dimen102
)
("C:\Program Files\MiKTeX 2.9\tex/latex/tools\theorem.sty"
Package: theorem 2014/10/28 v2.2c Theorem extension package (FMi)
\theorem@style=\toks14
\theorem@bodyfont=\toks15
\theorempreskipamount=\skip43
\theorempostskipamount=\skip44

("C:\Program Files\MiKTeX 2.9\tex/latex/tools\thp.sty"
File: thp.sty 2014/10/28 v2.2c Theorem extension package (FMi)
))
("C:\Program Files\MiKTeX 2.9\tex/latex/graphics\graphicx.sty"
Package: graphicx 2017/06/01 v1.1a Enhanced LaTeX Graphics (DPC,SPQR)

("C:\Program Files\MiKTeX 2.9\tex/latex/graphics\keyval.sty"
Package: keyval 2014/10/28 v1.15 key=value parser (DPC)
\KV@toks@=\toks16
)
("C:\Program Files\MiKTeX 2.9\tex/latex/graphics\graphics.sty"
Package: graphics 2019/07/20 v1.3b Standard LaTeX Graphics (DPC,SPQR)

("C:\Program Files\MiKTeX 2.9\tex/latex/graphics\trig.sty"
Package: trig 2016/01/03 v1.10 sin cos tan (DPC)
)
("C:\Program Files\MiKTeX 2.9\tex/latex/graphics-cfg\graphics.cfg"
File: graphics.cfg 2016/06/04 v1.11 sample graphics configuration
)
Package graphics Info: Driver file: pdftex.def on input line 105.

("C:\Program Files\MiKTeX 2.9\tex/latex/graphics-def\pdftex.def"
File: pdftex.def 2018/01/08 v1.0l Graphics/color driver for pdftex
))
\Gin@req@height=\dimen103
\Gin@req@width=\dimen104
)
("C:\Program Files\MiKTeX 2.9\tex/latex/amsfonts\amssymb.sty"
Package: amssymb 2013/01/14 v3.01 AMS font symbols

("C:\Program Files\MiKTeX 2.9\tex/latex/amsfonts\amsfonts.sty"
Package: amsfonts 2013/01/14 v3.01 Basic AMSFonts support
\@emptytoks=\toks17
\symAMSa=\mathgroup4
\symAMSb=\mathgroup5
LaTeX Font Info:    Redeclaring math symbol \hbar on input line 98.
LaTeX Font Info:    Overwriting math alphabet `\mathfrak' in version `bold'
(Font)                  U/euf/m/n --> U/euf/b/n on input line 106.
))
("C:\Program Files\MiKTeX 2.9\tex/latex/amsmath\amsmath.sty"
Package: amsmath 2019/04/01 v2.17c AMS math features
\@mathmargin=\skip45

For additional information on amsmath, use the `?' option.
("C:\Program Files\MiKTeX 2.9\tex/latex/amsmath\amstext.sty"
Package: amstext 2000/06/29 v2.01 AMS text

("C:\Program Files\MiKTeX 2.9\tex/latex/amsmath\amsgen.sty"
File: amsgen.sty 1999/11/30 v2.0 generic functions
\@emptytoks=\toks18
\ex@=\dimen105
))
("C:\Program Files\MiKTeX 2.9\tex/latex/amsmath\amsbsy.sty"
Package: amsbsy 1999/11/29 v1.2d Bold Symbols
\pmbraise@=\dimen106
)
("C:\Program Files\MiKTeX 2.9\tex/latex/amsmath\amsopn.sty"
Package: amsopn 2016/03/08 v2.02 operator names
)
\inf@bad=\count88
LaTeX Info: Redefining \frac on input line 227.
\uproot@=\count89
\leftroot@=\count90
LaTeX Info: Redefining \overline on input line 389.
\classnum@=\count91
\DOTSCASE@=\count92
LaTeX Info: Redefining \ldots on input line 486.
LaTeX Info: Redefining \dots on input line 489.
LaTeX Info: Redefining \cdots on input line 610.
\Mathstrutbox@=\box27
\strutbox@=\box28
\big@size=\dimen107
LaTeX Font Info:    Redeclaring font encoding OML on input line 733.
LaTeX Font Info:    Redeclaring font encoding OMS on input line 734.
\macc@depth=\count93
\c@MaxMatrixCols=\count94
\dotsspace@=\muskip10
\c@parentequation=\count95
\dspbrk@lvl=\count96
\tag@help=\toks19
\row@=\count97
\column@=\count98
\maxfields@=\count99
\andhelp@=\toks20
\eqnshift@=\dimen108
\alignsep@=\dimen109
\tagshift@=\dimen110
\tagwidth@=\dimen111
\totwidth@=\dimen112
\lineht@=\dimen113
\@envbody=\toks21
\multlinegap=\skip46
\multlinetaggap=\skip47
\mathdisplay@stack=\toks22
LaTeX Info: Redefining \[ on input line 2855.
LaTeX Info: Redefining \] on input line 2856.
)
(C:\Users\claud\AppData\Roaming\MiKTeX\2.9\tex/latex/fancyhdr\fancyhdr.sty
Package: fancyhdr 2019/01/31 v3.10 Extensive control of page headers and footer
s
\f@nch@headwidth=\skip48
\f@nch@O@elh=\skip49
\f@nch@O@erh=\skip50
\f@nch@O@olh=\skip51
\f@nch@O@orh=\skip52
\f@nch@O@elf=\skip53
\f@nch@O@erf=\skip54
\f@nch@O@olf=\skip55
\f@nch@O@orf=\skip56
)
(C:\Users\claud\AppData\Roaming\MiKTeX\2.9\tex/latex/caption\subcaption.sty
Package: subcaption 2019/09/01 v1.3a Sub-captions (AR)

(C:\Users\claud\AppData\Roaming\MiKTeX\2.9\tex/latex/caption\caption.sty
Package: caption 2019/09/01 v3.3d Customizing captions (AR)

(C:\Users\claud\AppData\Roaming\MiKTeX\2.9\tex/latex/caption\caption3.sty
Package: caption3 2019/09/01 v1.8d caption3 kernel (AR)
Package caption3 Info: TeX engine: e-TeX on input line 64.
\captionmargin=\dimen114
\captionmargin@=\dimen115
\captionwidth=\dimen116
\caption@tempdima=\dimen117
\caption@indent=\dimen118
\caption@parindent=\dimen119
\caption@hangindent=\dimen120
)
\c@caption@flags=\count100
\c@ContinuedFloat=\count101
)
\c@subfigure=\count102
\c@subtable=\count103
)
\c@theorem=\count104
\c@invar=\count105
\c@obs=\count106
\c@conj=\count107
\c@defini=\count108
)
("C:\Program Files\MiKTeX 2.9\tex/latex/base\inputenc.sty"
Package: inputenc 2018/08/11 v1.3c Input encoding file
\inpenc@prehook=\toks23
\inpenc@posthook=\toks24
)
(C:\Users\claud\AppData\Roaming\MiKTeX\2.9\tex/latex/tocloft\tocloft.sty
Package: tocloft 2017/08/31 v2.3i parameterised ToC, etc., typesetting
Package tocloft Info: The document has section divisions on input line 51.
\cftparskip=\skip57
\cftbeforetoctitleskip=\skip58
\cftaftertoctitleskip=\skip59
\cftbeforepartskip=\skip60
\cftpartnumwidth=\skip61
\cftpartindent=\skip62
\cftbeforesecskip=\skip63
\cftsecindent=\skip64
\cftsecnumwidth=\skip65
\cftbeforesubsecskip=\skip66
\cftsubsecindent=\skip67
\cftsubsecnumwidth=\skip68
\cftbeforesubsubsecskip=\skip69
\cftsubsubsecindent=\skip70
\cftsubsubsecnumwidth=\skip71
\cftbeforeparaskip=\skip72
\cftparaindent=\skip73
\cftparanumwidth=\skip74
\cftbeforesubparaskip=\skip75
\cftsubparaindent=\skip76
\cftsubparanumwidth=\skip77
\cftbeforeloftitleskip=\skip78
\cftafterloftitleskip=\skip79
\cftbeforefigskip=\skip80
\cftfigindent=\skip81
\cftfignumwidth=\skip82
\c@lofdepth=\count109
\c@lotdepth=\count110
\cftbeforelottitleskip=\skip83
\cftafterlottitleskip=\skip84
\cftbeforetabskip=\skip85
\cfttabindent=\skip86
\cfttabnumwidth=\skip87
)
("C:\Program Files\MiKTeX 2.9\tex/latex/multirow\multirow.sty"
Package: multirow 2019/05/31 v2.5 Span multiple rows of a table
\multirow@colwidth=\skip88
\multirow@cntb=\count111
\multirow@dima=\skip89
\bigstrutjot=\dimen121
)
(C:\Users\claud\AppData\Roaming\MiKTeX\2.9\tex/latex/titling\titling.sty
Package: titling 2009/09/04 v2.1d maketitle typesetting
\thanksmarkwidth=\skip90
\thanksmargin=\skip91
\droptitle=\skip92
)
(Report.aux

LaTeX Warning: Label `fig:eccentricity' multiply defined.


LaTeX Warning: Label `fig:eccentricity' multiply defined.


LaTeX Warning: Label `fig:eccentricity' multiply defined.


LaTeX Warning: Label `fig:eccentricity' multiply defined.


LaTeX Warning: Label `fig:eccentricity' multiply defined.


LaTeX Warning: Label `Table 3,' multiply defined.


LaTeX Warning: Label `fig:bunny' multiply defined.

)
\openout1 = `Report.aux'.

LaTeX Font Info:    Checking defaults for OML/cmm/m/it on input line 24.
LaTeX Font Info:    ... okay on input line 24.
LaTeX Font Info:    Checking defaults for T1/cmr/m/n on input line 24.
LaTeX Font Info:    ... okay on input line 24.
LaTeX Font Info:    Checking defaults for OT1/cmr/m/n on input line 24.
LaTeX Font Info:    ... okay on input line 24.
LaTeX Font Info:    Checking defaults for OMS/cmsy/m/n on input line 24.
LaTeX Font Info:    ... okay on input line 24.
LaTeX Font Info:    Checking defaults for OMX/cmex/m/n on input line 24.
LaTeX Font Info:    ... okay on input line 24.
LaTeX Font Info:    Checking defaults for U/cmr/m/n on input line 24.
LaTeX Font Info:    ... okay on input line 24.

(C:\Users\claud\AppData\Roaming\MiKTeX\2.9\tex/context/base/mkii\supp-pdf.mkii
[Loading MPS to PDF converter (version 2006.09.02).]
\scratchcounter=\count112
\scratchdimen=\dimen122
\scratchbox=\box29
\nofMPsegments=\count113
\nofMParguments=\count114
\everyMPshowfont=\toks25
\MPscratchCnt=\count115
\MPscratchDim=\dimen123
\MPnumerator=\count116
\makeMPintoPDFobject=\count117
\everyMPtoPDFconversion=\toks26
) ("C:\Program Files\MiKTeX 2.9\tex/latex/oberdiek\epstopdf-base.sty"
Package: epstopdf-base 2016/05/15 v2.6 Base part for package epstopdf

("C:\Program Files\MiKTeX 2.9\tex/generic/oberdiek\infwarerr.sty"
Package: infwarerr 2016/05/16 v1.4 Providing info/warning/error messages (HO)
)
("C:\Program Files\MiKTeX 2.9\tex/latex/oberdiek\grfext.sty"
Package: grfext 2016/05/16 v1.2 Manage graphics extensions (HO)

("C:\Program Files\MiKTeX 2.9\tex/generic/oberdiek\kvdefinekeys.sty"
Package: kvdefinekeys 2016/05/16 v1.4 Define keys (HO)

("C:\Program Files\MiKTeX 2.9\tex/generic/oberdiek\ltxcmds.sty"
Package: ltxcmds 2016/05/16 v1.23 LaTeX kernel commands for general use (HO)
)))
("C:\Program Files\MiKTeX 2.9\tex/latex/oberdiek\kvoptions.sty"
Package: kvoptions 2016/05/16 v3.12 Key value format for package options (HO)

("C:\Program Files\MiKTeX 2.9\tex/generic/oberdiek\kvsetkeys.sty"
Package: kvsetkeys 2016/05/16 v1.17 Key value parser (HO)

("C:\Program Files\MiKTeX 2.9\tex/generic/oberdiek\etexcmds.sty"
Package: etexcmds 2016/05/16 v1.6 Avoid name clashes with e-TeX commands (HO)

("C:\Program Files\MiKTeX 2.9\tex/generic/oberdiek\ifluatex.sty"
Package: ifluatex 2016/05/16 v1.4 Provides the ifluatex switch (HO)
Package ifluatex Info: LuaTeX not detected.
))))
("C:\Program Files\MiKTeX 2.9\tex/generic/oberdiek\pdftexcmds.sty"
Package: pdftexcmds 2019/07/25 v0.30 Utility functions of pdfTeX for LuaTeX (HO
)

("C:\Program Files\MiKTeX 2.9\tex/generic/oberdiek\ifpdf.sty"
Package: ifpdf 2018/09/07 v3.3 Provides the ifpdf switch
)
Package pdftexcmds Info: LuaTeX not detected.
Package pdftexcmds Info: \pdf@primitive is available.
Package pdftexcmds Info: \pdf@ifprimitive is available.
Package pdftexcmds Info: \pdfdraftmode found.
)
Package epstopdf-base Info: Redefining graphics rule for `.eps' on input line 4
38.
Package grfext Info: Graphics extension search list:
(grfext)             [.pdf,.png,.jpg,.mps,.jpeg,.jbig2,.jb2,.PDF,.PNG,.JPG,.JPE
G,.JBIG2,.JB2,.eps]
(grfext)             \AppendGraphicsExtensions on input line 456.
)
Package caption Info: Begin \AtBeginDocument code.
Package caption Info: End \AtBeginDocument code.
LaTeX Font Info:    Trying to load font information for U+msa on input line 27.


("C:\Program Files\MiKTeX 2.9\tex/latex/amsfonts\umsa.fd"
File: umsa.fd 2013/01/14 v3.01 AMS symbols A
)
LaTeX Font Info:    Trying to load font information for U+msb on input line 27.


("C:\Program Files\MiKTeX 2.9\tex/latex/amsfonts\umsb.fd"
File: umsb.fd 2013/01/14 v3.01 AMS symbols B
) [1


{C:/Users/claud/AppData/Local/MiKTeX/2.9/pdftex/config/pdftex.map}] (Report.toc
)
\tf@toc=\write3
\openout3 = `Report.toc'.

 [1]
<Pictures/conceptualdiagram.png, id=15, 667.74469pt x 485.56406pt>
File: Pictures/conceptualdiagram.png Graphic file (type png)
<use Pictures/conceptualdiagram.png>
Package pdftex.def Info: Pictures/conceptualdiagram.png  used on input line 51.

(pdftex.def)             Requested size: 341.47424pt x 248.31602pt.
 [2 <./Pictures/conceptualdiagram.png>] [3]
<Pictures/verticesHist.png, id=26, 351.81438pt x 202.25563pt>
File: Pictures/verticesHist.png Graphic file (type png)
<use Pictures/verticesHist.png>
Package pdftex.def Info: Pictures/verticesHist.png  used on input line 98.
(pdftex.def)             Requested size: 341.47424pt x 196.31116pt.
 [4 <./Pictures/verticesHist.png>]
<Pictures/triangle.png, id=30, 472.01344pt x 316.93407pt>
File: Pictures/triangle.png Graphic file (type png)
<use Pictures/triangle.png>
Package pdftex.def Info: Pictures/triangle.png  used on input line 112.
(pdftex.def)             Requested size: 243.91124pt x 163.77658pt.

Underfull \hbox (badness 10000) in paragraph at lines 121--122

 []

<Pictures/preSub.png, id=32, 752.8125pt x 752.8125pt>
File: Pictures/preSub.png Graphic file (type png)
<use Pictures/preSub.png>
Package pdftex.def Info: Pictures/preSub.png  used on input line 131.
(pdftex.def)             Requested size: 146.34824pt x 146.3441pt.
<Pictures/postSub.png, id=33, 752.8125pt x 752.8125pt>
File: Pictures/postSub.png Graphic file (type png)
<use Pictures/postSub.png>
Package pdftex.def Info: Pictures/postSub.png  used on input line 135.
(pdftex.def)             Requested size: 146.34824pt x 146.3441pt.
<Pictures/postSub2.png, id=34, 752.8125pt x 752.8125pt>
File: Pictures/postSub2.png Graphic file (type png)
<use Pictures/postSub2.png>
Package pdftex.def Info: Pictures/postSub2.png  used on input line 139.
(pdftex.def)             Requested size: 146.34824pt x 146.3441pt.

LaTeX Warning: `!h' float specifier changed to `!ht'.

[5 <./Pictures/triangle.png>] [6 <./Pictures/preSub.png> <./Pictures/postSub.pn
g> <./Pictures/postSub2.png>]
Underfull \hbox (badness 10000) in paragraph at lines 263--272

 []


Underfull \hbox (badness 10000) in paragraph at lines 263--272

 []

[7]
<Pictures/Part2/Step0.png, id=53, 752.8125pt x 752.8125pt>
File: Pictures/Part2/Step0.png Graphic file (type png)
<use Pictures/Part2/Step0.png>
Package pdftex.def Info: Pictures/Part2/Step0.png  used on input line 276.
(pdftex.def)             Requested size: 195.126pt x 195.1293pt.
<Pictures/Part2/step1.png, id=54, 752.8125pt x 752.8125pt>
File: Pictures/Part2/step1.png Graphic file (type png)
<use Pictures/Part2/step1.png>
Package pdftex.def Info: Pictures/Part2/step1.png  used on input line 280.
(pdftex.def)             Requested size: 195.126pt x 195.1293pt.
<Pictures/Part2/step2.png, id=55, 752.8125pt x 752.8125pt>
File: Pictures/Part2/step2.png Graphic file (type png)
<use Pictures/Part2/step2.png>
Package pdftex.def Info: Pictures/Part2/step2.png  used on input line 284.
(pdftex.def)             Requested size: 195.126pt x 195.1293pt.
<Pictures/Part2/step3.png, id=56, 752.8125pt x 752.8125pt>
File: Pictures/Part2/step3.png Graphic file (type png)
<use Pictures/Part2/step3.png>
Package pdftex.def Info: Pictures/Part2/step3.png  used on input line 288.
(pdftex.def)             Requested size: 195.126pt x 195.1293pt.
 [8 <./Pictures/Part2/Step0.png> <./Pictures/Part2/step1.png> <./Pictures/Part2
/step2.png> <./Pictures/Part2/step3.png>]
<Pictures/Part3/eccHead.png, id=64, 564.60938pt x 564.60938pt>
File: Pictures/Part3/eccHead.png Graphic file (type png)
<use Pictures/Part3/eccHead.png>
Package pdftex.def Info: Pictures/Part3/eccHead.png  used on input line 345.
(pdftex.def)             Requested size: 195.126pt x 195.12643pt.
<Pictures/Part3/eccLeo.png, id=65, 564.60938pt x 564.60938pt>
File: Pictures/Part3/eccLeo.png Graphic file (type png)
<use Pictures/Part3/eccLeo.png>
Package pdftex.def Info: Pictures/Part3/eccLeo.png  used on input line 349.
(pdftex.def)             Requested size: 195.126pt x 195.12643pt.
 [9 <./Pictures/Part3/eccHead.png> <./Pictures/Part3/eccLeo.png>]
<Pictures/Part3/circHead.png, id=70, 564.60938pt x 564.60938pt>
File: Pictures/Part3/circHead.png Graphic file (type png)
<use Pictures/Part3/circHead.png>
Package pdftex.def Info: Pictures/Part3/circHead.png  used on input line 402.
(pdftex.def)             Requested size: 170.74084pt x 170.73671pt.
<Pictures/Part3/circLeo.png, id=71, 564.60938pt x 564.60938pt>
File: Pictures/Part3/circLeo.png Graphic file (type png)
<use Pictures/Part3/circLeo.png>
Package pdftex.def Info: Pictures/Part3/circLeo.png  used on input line 406.
(pdftex.def)             Requested size: 170.74084pt x 170.73671pt.
 [10 <./Pictures/Part3/circHead.png> <./Pictures/Part3/circLeo.png>] [11]
<Pictures/Part3/D1.png, id=79, 362.10281pt x 193.47281pt>
File: Pictures/Part3/D1.png Graphic file (type png)
<use Pictures/Part3/D1.png>
Package pdftex.def Info: Pictures/Part3/D1.png  used on input line 469.
(pdftex.def)             Requested size: 341.47424pt x 182.4549pt.
<Pictures/Part3/D2.png, id=80, 362.10281pt x 191.9672pt>
File: Pictures/Part3/D2.png Graphic file (type png)
<use Pictures/Part3/D2.png>
Package pdftex.def Info: Pictures/Part3/D2.png  used on input line 480.
(pdftex.def)             Requested size: 341.47424pt x 181.03502pt.
 [12 <./Pictures/Part3/D1.png>]
<Pictures/Part3/D3.png, id=85, 362.10281pt x 192.72pt>
File: Pictures/Part3/D3.png Graphic file (type png)
<use Pictures/Part3/D3.png>
Package pdftex.def Info: Pictures/Part3/D3.png  used on input line 492.
(pdftex.def)             Requested size: 341.47424pt x 181.74493pt.
 [13 <./Pictures/Part3/D2.png> <./Pictures/Part3/D3.png>]
<Pictures/Part3/D4.png, id=89, 362.10281pt x 191.9672pt>
File: Pictures/Part3/D4.png Graphic file (type png)
<use Pictures/Part3/D4.png>
Package pdftex.def Info: Pictures/Part3/D4.png  used on input line 506.
(pdftex.def)             Requested size: 341.47424pt x 181.03502pt.
<Pictures/Part3/A3.png, id=90, 362.10281pt x 189.70876pt>
File: Pictures/Part3/A3.png Graphic file (type png)
<use Pictures/Part3/A3.png>
Package pdftex.def Info: Pictures/Part3/A3.png  used on input line 522.
(pdftex.def)             Requested size: 341.47424pt x 178.90518pt.


LaTeX Warning: `!h' float specifier changed to `!ht'.


LaTeX Warning: `!h' float specifier changed to `!ht'.

[14 <./Pictures/Part3/D4.png>] [15 <./Pictures/Part3/A3.png>]
<Pictures/perp100err0-660.png, id=97, 1387.584pt x 710.4141pt>
File: Pictures/perp100err0-660.png Graphic file (type png)
<use Pictures/perp100err0-660.png>
Package pdftex.def Info: Pictures/perp100err0-660.png  used on input line 603.
(pdftex.def)             Requested size: 487.8225pt x 249.75433pt.
 [16] [17 <./Pictures/perp100err0-660.png>] [18]
Overfull \hbox (10.00002pt too wide) in paragraph at lines 644--709
[]$[]$ 
 []


Overfull \vbox (11.43468pt too high) has occurred while \output is active []


[19]
<Pictures/Evaluation/staircaseClass/stair1.png, id=113, 752.8125pt x 752.8125pt
>
File: Pictures/Evaluation/staircaseClass/stair1.png Graphic file (type png)
<use Pictures/Evaluation/staircaseClass/stair1.png>
Package pdftex.def Info: Pictures/Evaluation/staircaseClass/stair1.png  used on
 input line 717.
(pdftex.def)             Requested size: 97.563pt x 97.5589pt.
<Pictures/Evaluation/staircaseClass/stair2.png, id=114, 752.8125pt x 752.8125pt
>
File: Pictures/Evaluation/staircaseClass/stair2.png Graphic file (type png)
<use Pictures/Evaluation/staircaseClass/stair2.png>
Package pdftex.def Info: Pictures/Evaluation/staircaseClass/stair2.png  used on
 input line 720.
(pdftex.def)             Requested size: 97.563pt x 97.5589pt.
<Pictures/Evaluation/staircaseClass/stair3.png, id=115, 752.8125pt x 752.8125pt
>
File: Pictures/Evaluation/staircaseClass/stair3.png Graphic file (type png)
<use Pictures/Evaluation/staircaseClass/stair3.png>
Package pdftex.def Info: Pictures/Evaluation/staircaseClass/stair3.png  used on
 input line 723.
(pdftex.def)             Requested size: 97.563pt x 97.5589pt.
<Pictures/Evaluation/staircaseClass/stair4.png, id=116, 752.8125pt x 752.8125pt
>
File: Pictures/Evaluation/staircaseClass/stair4.png Graphic file (type png)
<use Pictures/Evaluation/staircaseClass/stair4.png>
Package pdftex.def Info: Pictures/Evaluation/staircaseClass/stair4.png  used on
 input line 726.
(pdftex.def)             Requested size: 97.563pt x 97.5589pt.
<Pictures/Evaluation/mailboxClass/stair1.png, id=117, 752.8125pt x 752.8125pt>
File: Pictures/Evaluation/mailboxClass/stair1.png Graphic file (type png)
<use Pictures/Evaluation/mailboxClass/stair1.png>
Package pdftex.def Info: Pictures/Evaluation/mailboxClass/stair1.png  used on i
nput line 738.
(pdftex.def)             Requested size: 97.563pt x 97.5589pt.
<Pictures/Evaluation/mailBoxClass/stair2.png, id=118, 752.8125pt x 752.8125pt>
File: Pictures/Evaluation/mailBoxClass/stair2.png Graphic file (type png)
<use Pictures/Evaluation/mailBoxClass/stair2.png>
Package pdftex.def Info: Pictures/Evaluation/mailBoxClass/stair2.png  used on i
nput line 741.
(pdftex.def)             Requested size: 97.563pt x 97.5589pt.
<Pictures/Evaluation/mailBoxClass/stair3.png, id=119, 752.8125pt x 752.8125pt>
File: Pictures/Evaluation/mailBoxClass/stair3.png Graphic file (type png)
<use Pictures/Evaluation/mailBoxClass/stair3.png>
Package pdftex.def Info: Pictures/Evaluation/mailBoxClass/stair3.png  used on i
nput line 744.
(pdftex.def)             Requested size: 97.563pt x 97.5589pt.
<Pictures/Evaluation/mailBoxClass/stair4.png, id=120, 752.8125pt x 752.8125pt>
File: Pictures/Evaluation/mailBoxClass/stair4.png Graphic file (type png)
<use Pictures/Evaluation/mailBoxClass/stair4.png>
Package pdftex.def Info: Pictures/Evaluation/mailBoxClass/stair4.png  used on i
nput line 747.
(pdftex.def)             Requested size: 97.563pt x 97.5589pt.

Underfull \hbox (badness 10000) in paragraph at lines 754--757

 []

[20 <./Pictures/Evaluation/staircaseClass/stair1.png> <./Pictures/Evaluation/st
aircaseClass/stair2.png> <./Pictures/Evaluation/staircaseClass/stair3.png> <./P
ictures/Evaluation/staircaseClass/stair4.png> <./Pictures/Evaluation/mailboxCla
ss/stair1.png> <./Pictures/Evaluation/mailBoxClass/stair2.png> <./Pictures/Eval
uation/mailBoxClass/stair3.png> <./Pictures/Evaluation/mailBoxClass/stair4.png>
]
<Pictures/Evaluation/m92/m92.png, id=132, 865.2325pt x 752.8125pt>
File: Pictures/Evaluation/m92/m92.png Graphic file (type png)
<use Pictures/Evaluation/m92/m92.png>
Package pdftex.def Info: Pictures/Evaluation/m92/m92.png  used on input line 76
1.
(pdftex.def)             Requested size: 43.90224pt x 38.1942pt.
<Pictures/Evaluation/m92/pos1.png, id=133, 865.2325pt x 752.8125pt>
File: Pictures/Evaluation/m92/pos1.png Graphic file (type png)
<use Pictures/Evaluation/m92/pos1.png>
Package pdftex.def Info: Pictures/Evaluation/m92/pos1.png  used on input line 7
65.
(pdftex.def)             Requested size: 43.90224pt x 38.1942pt.
<Pictures/Evaluation/m92/pos2.png, id=134, 865.2325pt x 752.8125pt>
File: Pictures/Evaluation/m92/pos2.png Graphic file (type png)
<use Pictures/Evaluation/m92/pos2.png>
Package pdftex.def Info: Pictures/Evaluation/m92/pos2.png  used on input line 7
69.
(pdftex.def)             Requested size: 43.90224pt x 38.1942pt.
<Pictures/Evaluation/m92/pos3.png, id=135, 865.2325pt x 752.8125pt>
File: Pictures/Evaluation/m92/pos3.png Graphic file (type png)
<use Pictures/Evaluation/m92/pos3.png>
Package pdftex.def Info: Pictures/Evaluation/m92/pos3.png  used on input line 7
73.
(pdftex.def)             Requested size: 43.90224pt x 38.1942pt.
<Pictures/Evaluation/m92/pos4.png, id=136, 865.2325pt x 752.8125pt>
File: Pictures/Evaluation/m92/pos4.png Graphic file (type png)
<use Pictures/Evaluation/m92/pos4.png>
Package pdftex.def Info: Pictures/Evaluation/m92/pos4.png  used on input line 7
77.
(pdftex.def)             Requested size: 43.90224pt x 38.1942pt.
<Pictures/Evaluation/m92/pos5.png, id=137, 865.2325pt x 752.8125pt>
File: Pictures/Evaluation/m92/pos5.png Graphic file (type png)
<use Pictures/Evaluation/m92/pos5.png>
Package pdftex.def Info: Pictures/Evaluation/m92/pos5.png  used on input line 7
81.
(pdftex.def)             Requested size: 43.90224pt x 38.1942pt.
<Pictures/Evaluation/m92/pos6.png, id=138, 865.2325pt x 752.8125pt>
File: Pictures/Evaluation/m92/pos6.png Graphic file (type png)
<use Pictures/Evaluation/m92/pos6.png>
Package pdftex.def Info: Pictures/Evaluation/m92/pos6.png  used on input line 7
85.
(pdftex.def)             Requested size: 43.90224pt x 38.1942pt.
<Pictures/Evaluation/m92/pos7.png, id=139, 865.2325pt x 752.8125pt>
File: Pictures/Evaluation/m92/pos7.png Graphic file (type png)
<use Pictures/Evaluation/m92/pos7.png>
Package pdftex.def Info: Pictures/Evaluation/m92/pos7.png  used on input line 7
89.
(pdftex.def)             Requested size: 43.90224pt x 38.1942pt.
<Pictures/Evaluation/m92/pos8.png, id=140, 865.2325pt x 752.8125pt>
File: Pictures/Evaluation/m92/pos8.png Graphic file (type png)
<use Pictures/Evaluation/m92/pos8.png>
Package pdftex.def Info: Pictures/Evaluation/m92/pos8.png  used on input line 7
93.
(pdftex.def)             Requested size: 43.90224pt x 38.1942pt.
<Pictures/Evaluation/m92/pos9.png, id=141, 865.2325pt x 752.8125pt>
File: Pictures/Evaluation/m92/pos9.png Graphic file (type png)
<use Pictures/Evaluation/m92/pos9.png>
Package pdftex.def Info: Pictures/Evaluation/m92/pos9.png  used on input line 7
97.
(pdftex.def)             Requested size: 43.90224pt x 38.1942pt.
<Pictures/Evaluation/m42/m42.png, id=142, 924.45375pt x 752.8125pt>
File: Pictures/Evaluation/m42/m42.png Graphic file (type png)
<use Pictures/Evaluation/m42/m42.png>
Package pdftex.def Info: Pictures/Evaluation/m42/m42.png  used on input line 80
3.
(pdftex.def)             Requested size: 43.90224pt x 35.74747pt.
<Pictures/Evaluation/m42/pos1.png, id=143, 924.45375pt x 752.8125pt>
File: Pictures/Evaluation/m42/pos1.png Graphic file (type png)
<use Pictures/Evaluation/m42/pos1.png>
Package pdftex.def Info: Pictures/Evaluation/m42/pos1.png  used on input line 8
07.
(pdftex.def)             Requested size: 43.90224pt x 35.74747pt.
<Pictures/Evaluation/m42/pos2.png, id=144, 924.45375pt x 752.8125pt>
File: Pictures/Evaluation/m42/pos2.png Graphic file (type png)
<use Pictures/Evaluation/m42/pos2.png>
Package pdftex.def Info: Pictures/Evaluation/m42/pos2.png  used on input line 8
11.
(pdftex.def)             Requested size: 43.90224pt x 35.74747pt.
<Pictures/Evaluation/m42/pos3.png, id=145, 924.45375pt x 752.8125pt>
File: Pictures/Evaluation/m42/pos3.png Graphic file (type png)
<use Pictures/Evaluation/m42/pos3.png>
Package pdftex.def Info: Pictures/Evaluation/m42/pos3.png  used on input line 8
15.
(pdftex.def)             Requested size: 43.90224pt x 35.74747pt.
<Pictures/Evaluation/m42/pos4.png, id=146, 924.45375pt x 752.8125pt>
File: Pictures/Evaluation/m42/pos4.png Graphic file (type png)
<use Pictures/Evaluation/m42/pos4.png>
Package pdftex.def Info: Pictures/Evaluation/m42/pos4.png  used on input line 8
19.
(pdftex.def)             Requested size: 43.90224pt x 35.74747pt.
<Pictures/Evaluation/m42/pos5.png, id=147, 924.45375pt x 752.8125pt>
File: Pictures/Evaluation/m42/pos5.png Graphic file (type png)
<use Pictures/Evaluation/m42/pos5.png>
Package pdftex.def Info: Pictures/Evaluation/m42/pos5.png  used on input line 8
23.
(pdftex.def)             Requested size: 43.90224pt x 35.74747pt.
<Pictures/Evaluation/m42/pos6.png, id=148, 924.45375pt x 752.8125pt>
File: Pictures/Evaluation/m42/pos6.png Graphic file (type png)
<use Pictures/Evaluation/m42/pos6.png>
Package pdftex.def Info: Pictures/Evaluation/m42/pos6.png  used on input line 8
27.
(pdftex.def)             Requested size: 43.90224pt x 35.74747pt.
<Pictures/Evaluation/m42/pos7.png, id=149, 924.45375pt x 752.8125pt>
File: Pictures/Evaluation/m42/pos7.png Graphic file (type png)
<use Pictures/Evaluation/m42/pos7.png>
Package pdftex.def Info: Pictures/Evaluation/m42/pos7.png  used on input line 8
31.
(pdftex.def)             Requested size: 43.90224pt x 35.74747pt.
<Pictures/Evaluation/m42/pos8.png, id=150, 924.45375pt x 752.8125pt>
File: Pictures/Evaluation/m42/pos8.png Graphic file (type png)
<use Pictures/Evaluation/m42/pos8.png>
Package pdftex.def Info: Pictures/Evaluation/m42/pos8.png  used on input line 8
35.
(pdftex.def)             Requested size: 43.90224pt x 35.74747pt.
<Pictures/Evaluation/m42/pos9.png, id=151, 924.45375pt x 752.8125pt>
File: Pictures/Evaluation/m42/pos9.png Graphic file (type png)
<use Pictures/Evaluation/m42/pos9.png>
Package pdftex.def Info: Pictures/Evaluation/m42/pos9.png  used on input line 8
39.
(pdftex.def)             Requested size: 43.90224pt x 35.74747pt.
<Pictures/Evaluation/m134/m134.png, id=152, 752.8125pt x 752.8125pt>
File: Pictures/Evaluation/m134/m134.png Graphic file (type png)
<use Pictures/Evaluation/m134/m134.png>
Package pdftex.def Info: Pictures/Evaluation/m134/m134.png  used on input line 
845.
(pdftex.def)             Requested size: 43.90224pt x 43.89174pt.
<Pictures/Evaluation/m134/pos1.png, id=153, 752.8125pt x 752.8125pt>
File: Pictures/Evaluation/m134/pos1.png Graphic file (type png)
<use Pictures/Evaluation/m134/pos1.png>
Package pdftex.def Info: Pictures/Evaluation/m134/pos1.png  used on input line 
849.
(pdftex.def)             Requested size: 43.90224pt x 43.89174pt.
<Pictures/Evaluation/m134/pos2.png, id=154, 752.8125pt x 752.8125pt>
File: Pictures/Evaluation/m134/pos2.png Graphic file (type png)
<use Pictures/Evaluation/m134/pos2.png>
Package pdftex.def Info: Pictures/Evaluation/m134/pos2.png  used on input line 
853.
(pdftex.def)             Requested size: 43.90224pt x 43.89174pt.
<Pictures/Evaluation/m134/pos3.png, id=155, 752.8125pt x 752.8125pt>
File: Pictures/Evaluation/m134/pos3.png Graphic file (type png)
<use Pictures/Evaluation/m134/pos3.png>
Package pdftex.def Info: Pictures/Evaluation/m134/pos3.png  used on input line 
857.
(pdftex.def)             Requested size: 43.90224pt x 43.89174pt.
<Pictures/Evaluation/m134/pos4.png, id=156, 752.8125pt x 752.8125pt>
File: Pictures/Evaluation/m134/pos4.png Graphic file (type png)
<use Pictures/Evaluation/m134/pos4.png>
Package pdftex.def Info: Pictures/Evaluation/m134/pos4.png  used on input line 
861.
(pdftex.def)             Requested size: 43.90224pt x 43.89174pt.
<Pictures/Evaluation/m134/pos5.png, id=157, 752.8125pt x 752.8125pt>
File: Pictures/Evaluation/m134/pos5.png Graphic file (type png)
<use Pictures/Evaluation/m134/pos5.png>
Package pdftex.def Info: Pictures/Evaluation/m134/pos5.png  used on input line 
865.
(pdftex.def)             Requested size: 43.90224pt x 43.89174pt.
<Pictures/Evaluation/m134/pos6.png, id=158, 752.8125pt x 752.8125pt>
File: Pictures/Evaluation/m134/pos6.png Graphic file (type png)
<use Pictures/Evaluation/m134/pos6.png>
Package pdftex.def Info: Pictures/Evaluation/m134/pos6.png  used on input line 
869.
(pdftex.def)             Requested size: 43.90224pt x 43.89174pt.
<Pictures/Evaluation/m134/pos7.png, id=159, 752.8125pt x 752.8125pt>
File: Pictures/Evaluation/m134/pos7.png Graphic file (type png)
<use Pictures/Evaluation/m134/pos7.png>
Package pdftex.def Info: Pictures/Evaluation/m134/pos7.png  used on input line 
873.
(pdftex.def)             Requested size: 43.90224pt x 43.89174pt.
<Pictures/Evaluation/m134/pos8.png, id=160, 752.8125pt x 752.8125pt>
File: Pictures/Evaluation/m134/pos8.png Graphic file (type png)
<use Pictures/Evaluation/m134/pos8.png>
Package pdftex.def Info: Pictures/Evaluation/m134/pos8.png  used on input line 
877.
(pdftex.def)             Requested size: 43.90224pt x 43.89174pt.
<Pictures/Evaluation/m134/pos9.png, id=161, 752.8125pt x 752.8125pt>
File: Pictures/Evaluation/m134/pos9.png Graphic file (type png)
<use Pictures/Evaluation/m134/pos9.png>
Package pdftex.def Info: Pictures/Evaluation/m134/pos9.png  used on input line 
881.
(pdftex.def)             Requested size: 43.90224pt x 43.89174pt.
<Pictures/problem1.png, id=162, 376.40625pt x 399.74344pt>
File: Pictures/problem1.png Graphic file (type png)
<use Pictures/problem1.png>
Package pdftex.def Info: Pictures/problem1.png  used on input line 901.
(pdftex.def)             Requested size: 195.126pt x 207.22731pt.
<Pictures/problem2.png, id=163, 376.40625pt x 396.7322pt>
File: Pictures/problem2.png Graphic file (type png)
<use Pictures/problem2.png>
Package pdftex.def Info: Pictures/problem2.png  used on input line 905.
(pdftex.def)             Requested size: 195.126pt x 205.66629pt.


LaTeX Warning: `!h' float specifier changed to `!ht'.

[21 <./Pictures/Evaluation/m92/m92.png> <./Pictures/Evaluation/m92/pos1.png> <.
/Pictures/Evaluation/m92/pos2.png> <./Pictures/Evaluation/m92/pos3.png> <./Pict
ures/Evaluation/m92/pos4.png> <./Pictures/Evaluation/m92/pos5.png> <./Pictures/
Evaluation/m92/pos6.png> <./Pictures/Evaluation/m92/pos7.png> <./Pictures/Evalu
ation/m92/pos8.png> <./Pictures/Evaluation/m92/pos9.png> <./Pictures/Evaluation
/m42/m42.png> <./Pictures/Evaluation/m42/pos1.png> <./Pictures/Evaluation/m42/p
os2.png> <./Pictures/Evaluation/m42/pos3.png> <./Pictures/Evaluation/m42/pos4.p
ng> <./Pictures/Evaluation/m42/pos5.png> <./Pictures/Evaluation/m42/pos6.png> <
./Pictures/Evaluation/m42/pos7.png> <./Pictures/Evaluation/m42/pos8.png> <./Pic
tures/Evaluation/m42/pos9.png> <./Pictures/Evaluation/m134/m134.png> <./Picture
s/Evaluation/m134/pos1.png> <./Pictures/Evaluation/m134/pos2.png> <./Pictures/E
valuation/m134/pos3.png> <./Pictures/Evaluation/m134/pos4.png> <./Pictures/Eval
uation/m134/pos5.png> <./Pictures/Evaluation/m134/pos6.png> <./Pictures/Evaluat
ion/m134/pos7.png> <./Pictures/Evaluation/m134/pos8.png> <./Pictures/Evaluation
/m134/pos9.png>] [22 <./Pictures/problem1.png> <./Pictures/problem2.png>]
[23] (Report.aux)

LaTeX Warning: There were multiply-defined labels.

 ) 
Here is how much of TeX's memory you used:
 4832 strings out of 492452
 76474 string characters out of 3129807
 142128 words of memory out of 3000000
 9073 multiletter control sequences out of 15000+200000
 12793 words of font info for 49 fonts, out of 3000000 for 9000
 1141 hyphenation exceptions out of 8191
 53i,10n,50p,1386b,432s stack positions out of 5000i,500n,10000p,200000b,50000s
<C:/Program Files/MiKTeX 2.9/fonts/type1/public/amsfonts/cm/cmbx10.pfb><C:/Pr
ogram Files/MiKTeX 2.9/fonts/type1/public/amsfonts/cm/cmbx12.pfb><C:/Program Fi
les/MiKTeX 2.9/fonts/type1/public/amsfonts/cm/cmex10.pfb><C:/Program Files/MiKT
eX 2.9/fonts/type1/public/amsfonts/cm/cmmi10.pfb><C:/Program Files/MiKTeX 2.9/f
onts/type1/public/amsfonts/cm/cmmi5.pfb><C:/Program Files/MiKTeX 2.9/fonts/type
1/public/amsfonts/cm/cmmi7.pfb><C:/Program Files/MiKTeX 2.9/fonts/type1/public/
amsfonts/cm/cmr10.pfb><C:/Program Files/MiKTeX 2.9/fonts/type1/public/amsfonts/
cm/cmr12.pfb><C:/Program Files/MiKTeX 2.9/fonts/type1/public/amsfonts/cm/cmr17.
pfb><C:/Program Files/MiKTeX 2.9/fonts/type1/public/amsfonts/cm/cmr5.pfb><C:/Pr
ogram Files/MiKTeX 2.9/fonts/type1/public/amsfonts/cm/cmr7.pfb><C:/Program File
s/MiKTeX 2.9/fonts/type1/public/amsfonts/cm/cmr9.pfb><C:/Program Files/MiKTeX 2
.9/fonts/type1/public/amsfonts/cm/cmsl10.pfb><C:/Program Files/MiKTeX 2.9/fonts
/type1/public/amsfonts/cm/cmss10.pfb><C:/Program Files/MiKTeX 2.9/fonts/type1/p
ublic/amsfonts/cm/cmssbx10.pfb><C:/Program Files/MiKTeX 2.9/fonts/type1/public/
amsfonts/cm/cmsy10.pfb><C:/Program Files/MiKTeX 2.9/fonts/type1/public/amsfonts
/cm/cmsy7.pfb><C:/Program Files/MiKTeX 2.9/fonts/type1/public/amsfonts/cm/cmti1
0.pfb>
Output written on Report.pdf (24 pages, 3369970 bytes).
PDF statistics:
 261 PDF objects out of 1000 (max. 8388607)
 0 named destinations out of 1000 (max. 500000)
 301 words of extra memory for PDF output out of 10000 (max. 10000000)

